    OpenRGB v0.9
    Commit:  from 
    Launched: 20250618_234428
====================================================================================================

0     |Info:    Found file: dusk.orp attempting to validate header
0     |Info:    Valid v4 profile found for dusk
0     |Info:    Found file: off.orp attempting to validate header
0     |Info:    Valid v4 profile found for off
1009  |Info:    ------------------------------------------------------
1009  |Info:    |               Start device detection               |
1009  |Info:    ------------------------------------------------------
1009  |Info:    Initializing HID interfaces: Success
1017  |Info:    ------------------------------------------------------
1017  |Info:    |             Detecting I2C interfaces               |
1017  |Info:    ------------------------------------------------------
1017  |Info:    Registering I2C interface: /dev/i2c-3 Device 10DE:2705 Subsystem: 196E:141C
1017  |Info:    Registering I2C interface: /dev/i2c-20 Device 0000:0000 Subsystem: 0000:0000
1017  |Info:    Registering I2C interface: /dev/i2c-10 Device 8086:A780 Subsystem: 1458:D000
1017  |Info:    Registering I2C interface: /dev/i2c-1 Device 10DE:2705 Subsystem: 196E:141C
1017  |Info:    Registering I2C interface: /dev/i2c-19 Device 0000:0000 Subsystem: 0000:0000
1017  |Info:    Registering I2C interface: /dev/i2c-17 Device 0000:0000 Subsystem: 0000:0000
1017  |Info:    Registering I2C interface: /dev/i2c-8 Device 8086:A780 Subsystem: 1458:D000
1017  |Warning: [i2c_smbus_linux] Failed to read i2c device PCI device ID
1017  |Info:    Registering I2C interface: /dev/i2c-15 Device 0000:0000 Subsystem: 0000:0000
1017  |Info:    Registering I2C interface: /dev/i2c-6 Device 8086:A780 Subsystem: 1458:D000
1017  |Info:    Registering I2C interface: /dev/i2c-13 Device 8086:A780 Subsystem: 1458:D000
1017  |Info:    Registering I2C interface: /dev/i2c-4 Device 10DE:2705 Subsystem: 196E:141C
1017  |Info:    Registering I2C interface: /dev/i2c-21 Device 0000:0000 Subsystem: 0000:0000
1017  |Info:    Registering I2C interface: /dev/i2c-11 Device 8086:A780 Subsystem: 1458:D000
1017  |Info:    Registering I2C interface: /dev/i2c-2 Device 10DE:2705 Subsystem: 196E:141C
1017  |Info:    Registering I2C interface: /dev/i2c-0 Device 10DE:2705 Subsystem: 196E:141C
1018  |Info:    Registering I2C interface: /dev/i2c-18 Device 0000:0000 Subsystem: 0000:0000
1018  |Info:    Registering I2C interface: /dev/i2c-9 Device 8086:A780 Subsystem: 1458:D000
1018  |Info:    Registering I2C interface: /dev/i2c-16 Device 8086:7A23 Subsystem: 1458:5001
1018  |Info:    Registering I2C interface: /dev/i2c-7 Device 8086:A780 Subsystem: 1458:D000
1018  |Info:    Registering I2C interface: /dev/i2c-14 Device 8086:A780 Subsystem: 1458:D000
1018  |Info:    Registering I2C interface: /dev/i2c-5 Device 10DE:2705 Subsystem: 196E:141C
1018  |Info:    Registering I2C interface: /dev/i2c-22 Device 0000:0000 Subsystem: 0000:0000
1018  |Info:    Registering I2C interface: /dev/i2c-12 Device 8086:A780 Subsystem: 1458:D000
1018  |Info:    ------------------------------------------------------
1018  |Info:    |               Detecting I2C devices                |
1018  |Info:    ------------------------------------------------------
1490  |Info:    ------------------------------------------------------
1490  |Info:    |               Detecting I2C PCI devices            |
1490  |Info:    ------------------------------------------------------
1491  |Info:    ------------------------------------------------------
1491  |Info:    |               Detecting HID devices                |
1491  |Info:    ------------------------------------------------------
1881  |Info:    [G502 HERO Gaming Mouse] Registering RGB controller
2043  |Info:    [B760 GAMING X] Registering RGB controller
2254  |Info:    ------------------------------------------------------
2254  |Info:    |            Detecting libusb HID devices            |
2254  |Info:    ------------------------------------------------------
2274  |Info:    ------------------------------------------------------
2274  |Info:    |              Detecting other devices               |
2274  |Info:    ------------------------------------------------------
2283  |Info:    ------------------------------------------------------
2283  |Info:    |                Detection completed                 |
2283  |Info:    ------------------------------------------------------
2283  |Info:    Profile loading: Succeeded for G502 HERO Gaming Mouse @ HID: /dev/hidraw4 (Receiver) 
Wireless Index: 255
2283  |Info:    Profile loading: Succeeded for B760 GAMING X @ HID: /dev/hidraw5
