    OpenRGB v0.9
    Commit:  from 
    Launched: 20250618_161710
====================================================================================================

0     |Info:    Found file: dusk.orp attempting to validate header
0     |Info:    Valid v4 profile found for dusk
0     |Info:    Found file: off.orp attempting to validate header
0     |Info:    Valid v4 profile found for off
1008  |Info:    ------------------------------------------------------
1009  |Info:    |               Start device detection               |
1009  |Info:    ------------------------------------------------------
1009  |Info:    Initializing HID interfaces: Success
1017  |Info:    ------------------------------------------------------
1017  |Info:    |             Detecting I2C interfaces               |
1017  |Info:    ------------------------------------------------------
1017  |Info:    Registering I2C interface: /dev/i2c-3 Device 10DE:2705 Subsystem: 196E:141C
1017  |Info:    Registering I2C interface: /dev/i2c-20 Device 0000:0000 Subsystem: 0000:0000
1017  |Info:    Registering I2C interface: /dev/i2c-10 Device 8086:A780 Subsystem: 1458:D000
1017  |Info:    Registering I2C interface: /dev/i2c-1 Device 10DE:2705 Subsystem: 196E:141C
1017  |Info:    Registering I2C interface: /dev/i2c-19 Device 0000:0000 Subsystem: 0000:0000
1018  |Info:    Registering I2C interface: /dev/i2c-17 Device 0000:0000 Subsystem: 0000:0000
1018  |Info:    Registering I2C interface: /dev/i2c-8 Device 8086:A780 Subsystem: 1458:D000
1018  |Warning: [i2c_smbus_linux] Failed to read i2c device PCI device ID
1018  |Info:    Registering I2C interface: /dev/i2c-15 Device 0000:0000 Subsystem: 0000:0000
1018  |Info:    Registering I2C interface: /dev/i2c-6 Device 8086:A780 Subsystem: 1458:D000
1018  |Info:    Registering I2C interface: /dev/i2c-13 Device 8086:A780 Subsystem: 1458:D000
1018  |Info:    Registering I2C interface: /dev/i2c-4 Device 10DE:2705 Subsystem: 196E:141C
1018  |Info:    Registering I2C interface: /dev/i2c-21 Device 0000:0000 Subsystem: 0000:0000
1018  |Info:    Registering I2C interface: /dev/i2c-11 Device 8086:A780 Subsystem: 1458:D000
1018  |Info:    Registering I2C interface: /dev/i2c-2 Device 10DE:2705 Subsystem: 196E:141C
1018  |Info:    Registering I2C interface: /dev/i2c-0 Device 10DE:2705 Subsystem: 196E:141C
1018  |Info:    Registering I2C interface: /dev/i2c-18 Device 0000:0000 Subsystem: 0000:0000
1018  |Info:    Registering I2C interface: /dev/i2c-9 Device 8086:A780 Subsystem: 1458:D000
1018  |Info:    Registering I2C interface: /dev/i2c-16 Device 8086:7A23 Subsystem: 1458:5001
1018  |Info:    Registering I2C interface: /dev/i2c-7 Device 8086:A780 Subsystem: 1458:D000
1018  |Info:    Registering I2C interface: /dev/i2c-14 Device 8086:A780 Subsystem: 1458:D000
1018  |Info:    Registering I2C interface: /dev/i2c-5 Device 10DE:2705 Subsystem: 196E:141C
1018  |Info:    Registering I2C interface: /dev/i2c-22 Device 0000:0000 Subsystem: 0000:0000
1018  |Info:    Registering I2C interface: /dev/i2c-12 Device 8086:A780 Subsystem: 1458:D000
1018  |Info:    ------------------------------------------------------
1018  |Info:    |               Detecting I2C devices                |
1018  |Info:    ------------------------------------------------------
1486  |Info:    ------------------------------------------------------
1486  |Info:    |               Detecting I2C PCI devices            |
1486  |Info:    ------------------------------------------------------
1487  |Info:    ------------------------------------------------------
1487  |Info:    |               Detecting HID devices                |
1487  |Info:    ------------------------------------------------------
1876  |Info:    [G502 HERO Gaming Mouse] Registering RGB controller
2035  |Info:    [B760 GAMING X] Registering RGB controller
2244  |Info:    ------------------------------------------------------
2244  |Info:    |            Detecting libusb HID devices            |
2244  |Info:    ------------------------------------------------------
2263  |Info:    ------------------------------------------------------
2263  |Info:    |              Detecting other devices               |
2263  |Info:    ------------------------------------------------------
2271  |Info:    ------------------------------------------------------
2271  |Info:    |                Detection completed                 |
2271  |Info:    ------------------------------------------------------
2272  |Info:    Profile loading: Succeeded for G502 HERO Gaming Mouse @ HID: /dev/hidraw5 (Receiver) 
Wireless Index: 255
2272  |Info:    Profile loading: Succeeded for B760 GAMING X @ HID: /dev/hidraw6
